[INFO ] 2017-11-08 13:26:53.891 [localhost-startStop-1] ContextLoader - Root WebApplicationContext: initialization completed in 1396 ms
[INFO ] 2017-11-08 13:26:54.444 [main] RequestMappingHandlerAdapter - Looking for @ControllerAdvice: org.springframework.boot.context.embedded.AnnotationConfigEmbeddedWebApplicationContext@4961f6af: startup date [Wed Nov 08 13:26:52 CET 2017]; root of context hierarchy
[INFO ] 2017-11-08 13:26:54.506 [main] RequestMappingHandlerMapping - Mapped "{[/]}" onto java.lang.String it.umberto.palo.controller.IndexController.index(org.springframework.ui.ModelMap)
[INFO ] 2017-11-08 13:26:54.509 [main] RequestMappingHandlerMapping - Mapped "{[/error]}" onto public org.springframework.http.ResponseEntity<java.util.Map<java.lang.String, java.lang.Object>> org.springframework.boot.autoconfigure.web.BasicErrorController.error(javax.servlet.http.HttpServletRequest)
[INFO ] 2017-11-08 13:26:54.510 [main] RequestMappingHandlerMapping - Mapped "{[/error],produces=[text/html]}" onto public org.springframework.web.servlet.ModelAndView org.springframework.boot.autoconfigure.web.BasicErrorController.errorHtml(javax.servlet.http.HttpServletRequest,javax.servlet.http.HttpServletResponse)
[INFO ] 2017-11-08 13:26:54.545 [main] SimpleUrlHandlerMapping - Mapped URL path [/webjars/**] onto handler of type [class org.springframework.web.servlet.resource.ResourceHttpRequestHandler]
[INFO ] 2017-11-08 13:26:54.545 [main] SimpleUrlHandlerMapping - Mapped URL path [/resources/**] onto handler of type [class org.springframework.web.servlet.resource.ResourceHttpRequestHandler]
[INFO ] 2017-11-08 13:26:54.587 [main] SimpleUrlHandlerMapping - Mapped URL path [/**/favicon.ico] onto handler of type [class org.springframework.web.servlet.resource.ResourceHttpRequestHandler]
[INFO ] 2017-11-08 13:26:59.304 [http-nio-8080-exec-1] DispatcherServlet - FrameworkServlet 'dispatcherServlet': initialization started
[INFO ] 2017-11-08 13:26:59.332 [http-nio-8080-exec-1] DispatcherServlet - FrameworkServlet 'dispatcherServlet': initialization completed in 27 ms
[WARN ] 2017-11-08 13:26:59.394 [http-nio-8080-exec-1] PageNotFound - No mapping found for HTTP request with URI [/WEB-INF/jsp/index.jsp] in DispatcherServlet with name 'dispatcherServlet'
[INFO ] 2017-11-08 13:28:41.431 [localhost-startStop-1] ContextLoader - Root WebApplicationContext: initialization completed in 1479 ms
[INFO ] 2017-11-08 13:28:41.977 [main] RequestMappingHandlerAdapter - Looking for @ControllerAdvice: org.springframework.boot.context.embedded.AnnotationConfigEmbeddedWebApplicationContext@4961f6af: startup date [Wed Nov 08 13:28:39 CET 2017]; root of context hierarchy
[INFO ] 2017-11-08 13:28:42.038 [main] RequestMappingHandlerMapping - Mapped "{[/]}" onto java.lang.String it.umberto.palo.controller.IndexController.index(org.springframework.ui.ModelMap)
[INFO ] 2017-11-08 13:28:42.042 [main] RequestMappingHandlerMapping - Mapped "{[/error]}" onto public org.springframework.http.ResponseEntity<java.util.Map<java.lang.String, java.lang.Object>> org.springframework.boot.autoconfigure.web.BasicErrorController.error(javax.servlet.http.HttpServletRequest)
[INFO ] 2017-11-08 13:28:42.042 [main] RequestMappingHandlerMapping - Mapped "{[/error],produces=[text/html]}" onto public org.springframework.web.servlet.ModelAndView org.springframework.boot.autoconfigure.web.BasicErrorController.errorHtml(javax.servlet.http.HttpServletRequest,javax.servlet.http.HttpServletResponse)
[INFO ] 2017-11-08 13:28:42.076 [main] SimpleUrlHandlerMapping - Mapped URL path [/webjars/**] onto handler of type [class org.springframework.web.servlet.resource.ResourceHttpRequestHandler]
[INFO ] 2017-11-08 13:28:42.076 [main] SimpleUrlHandlerMapping - Mapped URL path [/resources/**] onto handler of type [class org.springframework.web.servlet.resource.ResourceHttpRequestHandler]
[INFO ] 2017-11-08 13:28:42.132 [main] SimpleUrlHandlerMapping - Mapped URL path [/**/favicon.ico] onto handler of type [class org.springframework.web.servlet.resource.ResourceHttpRequestHandler]
[INFO ] 2017-11-08 13:28:47.388 [http-nio-8080-exec-1] DispatcherServlet - FrameworkServlet 'dispatcherServlet': initialization started
[INFO ] 2017-11-08 13:28:47.419 [http-nio-8080-exec-1] DispatcherServlet - FrameworkServlet 'dispatcherServlet': initialization completed in 29 ms
[WARN ] 2017-11-08 13:28:47.469 [http-nio-8080-exec-1] PageNotFound - No mapping found for HTTP request with URI [/WEB-INF/jsp/index.jsp] in DispatcherServlet with name 'dispatcherServlet'
[WARN ] 2017-11-08 13:28:49.182 [http-nio-8080-exec-4] PageNotFound - No mapping found for HTTP request with URI [/WEB-INF/jsp/index.jsp] in DispatcherServlet with name 'dispatcherServlet'
[WARN ] 2017-11-08 13:28:49.822 [http-nio-8080-exec-5] PageNotFound - No mapping found for HTTP request with URI [/WEB-INF/jsp/index.jsp] in DispatcherServlet with name 'dispatcherServlet'
[WARN ] 2017-11-08 13:28:50.813 [http-nio-8080-exec-6] PageNotFound - No mapping found for HTTP request with URI [/WEB-INF/jsp/index.jsp] in DispatcherServlet with name 'dispatcherServlet'
